#-----------------------------------------------------------
# Vivado v2018.3_AR71948 (64-bit)
# SW Build 2405991 on Thu Dec  6 23:36:41 MST 2018
# IP Build 2404404 on Fri Dec  7 01:43:56 MST 2018
# Start of session at: Thu Jan  9 16:42:09 2020
# Process ID: 32295
# Current directory: /media/wei/DATA/LW/Project/Vivado_Project/Panoseti/V0091/V0090/quabo_master_V0090/quabo_master/SDK/base_mb_wrapper_hw_platform_2
# Command line: vivado -mode tcl
# Log file: /media/wei/DATA/LW/Project/Vivado_Project/Panoseti/V0091/V0090/quabo_master_V0090/quabo_master/SDK/base_mb_wrapper_hw_platform_2/vivado.log
# Journal file: /media/wei/DATA/LW/Project/Vivado_Project/Panoseti/V0091/V0090/quabo_master_V0090/quabo_master/SDK/base_mb_wrapper_hw_platform_2/vivado.jou
#-----------------------------------------------------------
gen_bin.tcl
invalid command name "gen_bin.tcl"
run gen_bin.tcl
ERROR: [Simulator 45-6] No active Vivado Simulator simulation.  To use this command you must first start a simulation using Vivado Simulator.
write_cfgmem -format bin -size 32 -interface SPIx1 -loadbit "up 0x0 download.bit" -checksum -file "download.bin" -force
Command: write_cfgmem -format bin -size 32 -interface SPIx1 -loadbit {up 0x0 download.bit} -checksum -file download.bin -force
Creating config memory files...
Creating bitstream load up from address 0x00000000
Loading bitfile download.bit
Writing file ./download.bin
Writing log file ./download.prm
===================================
Configuration Memory information
===================================
File Format        BIN
Interface          SPIX1
Size               32M
Start Address      0x00000000
End Address        0x01FFFFFF
Checksum           0x9D61274A
Fill Value         0xFF

Addr1         Addr2         Date                    File(s)          Checksum
0x00000000    0x00661EDB    Jan  9 16:40:49 2020    download.bit     0x0519E46E
File Checksum Total                                                  0x0519E46E
0 Infos, 0 Warnings, 0 Critical Warnings and 0 Errors encountered.
write_cfgmem completed successfully
quit
INFO: [Common 17-206] Exiting Vivado at Thu Jan  9 17:41:05 2020...
