Copyright 1986-2018 Xilinx, Inc. All Rights Reserved.
-------------------------------------------------------------------------------------------------------------------------------------------------------------------
| Tool Version     : Vivado v.2018.3_AR71948 (lin64) Build 2405991 Thu Dec  6 23:36:41 MST 2018
| Date             : Tue Jan 21 10:40:11 2020
| Host             : Wei-Berkeley running 64-bit Ubuntu 18.04.3 LTS
| Command          : report_power -file base_mb_wrapper_power_routed.rpt -pb base_mb_wrapper_power_summary_routed.pb -rpx base_mb_wrapper_power_routed.rpx
| Design           : base_mb_wrapper
| Device           : xc7k160tffg676-1
| Design State     : routed
| Grade            : commercial
| Process          : typical
| Characterization : Production
-------------------------------------------------------------------------------------------------------------------------------------------------------------------

Power Report

Table of Contents
-----------------
1. Summary
1.1 On-Chip Components
1.2 Power Supply Summary
1.3 Confidence Level
2. Settings
2.1 Environment
2.2 Clock Constraints
3. Detailed Reports
3.1 By Hierarchy

1. Summary
----------

+--------------------------+--------------+
| Total On-Chip Power (W)  | 1.978        |
| Design Power Budget (W)  | Unspecified* |
| Power Budget Margin (W)  | NA           |
| Dynamic (W)              | 1.836        |
| Device Static (W)        | 0.143        |
| Effective TJA (C/W)      | 1.9          |
| Max Ambient (C)          | 81.2         |
| Junction Temperature (C) | 28.8         |
| Confidence Level         | Low          |
| Setting File             | ---          |
| Simulation Activity File | ---          |
| Design Nets Matched      | NA           |
+--------------------------+--------------+
* Specify Design Power Budget using, set_operating_conditions -design_power_budget <value in Watts>


1.1 On-Chip Components
----------------------

+--------------------------+-----------+----------+-----------+-----------------+
| On-Chip                  | Power (W) | Used     | Available | Utilization (%) |
+--------------------------+-----------+----------+-----------+-----------------+
| Clocks                   |     0.221 |       35 |       --- |             --- |
| Slice Logic              |     0.057 |    75249 |       --- |             --- |
|   LUT as Logic           |     0.041 |    23367 |    101400 |           23.04 |
|   CARRY4                 |     0.008 |     2205 |     25350 |            8.70 |
|   Register               |     0.005 |    37529 |    202800 |           18.51 |
|   LUT as Distributed RAM |     0.003 |     2232 |     35000 |            6.38 |
|   LUT as Shift Register  |    <0.001 |      524 |     35000 |            1.50 |
|   F7/F8 Muxes            |    <0.001 |     1243 |    101400 |            1.23 |
|   Others                 |    <0.001 |     4150 |       --- |             --- |
|   BUFG                   |    <0.001 |        1 |        32 |            3.13 |
| Signals                  |     0.088 |    55167 |       --- |             --- |
| Block RAM                |     0.114 |      146 |       325 |           44.92 |
| MMCM                     |     0.533 |        5 |         8 |           62.50 |
| DSPs                     |    <0.001 |        3 |       600 |            0.50 |
| I/O                      |     0.111 |      370 |       400 |           92.50 |
| GTX                      |     0.711 |        3 |         8 |           37.50 |
| XADC                     |     0.002 |        1 |       --- |             --- |
| Static Power             |     0.143 |          |           |                 |
| Total                    |     1.978 |          |           |                 |
+--------------------------+-----------+----------+-----------+-----------------+


1.2 Power Supply Summary
------------------------

+-----------+-------------+-----------+-------------+------------+
| Source    | Voltage (V) | Total (A) | Dynamic (A) | Static (A) |
+-----------+-------------+-----------+-------------+------------+
| Vccint    |       1.000 |     0.565 |       0.514 |      0.051 |
| Vccaux    |       1.800 |     0.339 |       0.320 |      0.018 |
| Vcco33    |       3.300 |     0.002 |       0.001 |      0.001 |
| Vcco25    |       2.500 |     0.000 |       0.000 |      0.000 |
| Vcco18    |       1.800 |     0.029 |       0.028 |      0.001 |
| Vcco15    |       1.500 |     0.000 |       0.000 |      0.000 |
| Vcco135   |       1.350 |     0.000 |       0.000 |      0.000 |
| Vcco12    |       1.200 |     0.000 |       0.000 |      0.000 |
| Vccaux_io |       1.800 |     0.000 |       0.000 |      0.000 |
| Vccbram   |       1.000 |     0.015 |       0.009 |      0.006 |
| MGTAVcc   |       1.000 |     0.332 |       0.327 |      0.005 |
| MGTAVtt   |       1.200 |     0.300 |       0.295 |      0.005 |
| MGTVccaux |       1.800 |     0.000 |       0.000 |      0.000 |
| Vccadc    |       1.800 |     0.021 |       0.001 |      0.020 |
+-----------+-------------+-----------+-------------+------------+


1.3 Confidence Level
--------------------

+-----------------------------+------------+--------------------------------------------------------+------------------------------------------------------------------------------------------------------------+
| User Input Data             | Confidence | Details                                                | Action                                                                                                     |
+-----------------------------+------------+--------------------------------------------------------+------------------------------------------------------------------------------------------------------------+
| Design implementation state | High       | Design is routed                                       |                                                                                                            |
| Clock nodes activity        | High       | User specified more than 95% of clocks                 |                                                                                                            |
| I/O nodes activity          | Low        | More than 75% of inputs are missing user specification | Provide missing input activity with simulation results or by editing the "By Resource Type -> I/Os" view   |
| Internal nodes activity     | Medium     | User specified less than 25% of internal nodes         | Provide missing internal nodes activity with simulation results or by editing the "By Resource Type" views |
| Device models               | High       | Device models are Production                           |                                                                                                            |
|                             |            |                                                        |                                                                                                            |
| Overall confidence level    | Low        |                                                        |                                                                                                            |
+-----------------------------+------------+--------------------------------------------------------+------------------------------------------------------------------------------------------------------------+


2. Settings
-----------

2.1 Environment
---------------

+-----------------------+--------------------------+
| Ambient Temp (C)      | 25.0                     |
| ThetaJA (C/W)         | 1.9                      |
| Airflow (LFM)         | 250                      |
| Heat Sink             | medium (Medium Profile)  |
| ThetaSA (C/W)         | 3.4                      |
| Board Selection       | medium (10"x10")         |
| # of Board Layers     | 12to15 (12 to 15 Layers) |
| Board Temperature (C) | 25.0                     |
+-----------------------+--------------------------+


2.2 Clock Constraints
---------------------

+-------------------------------------------------------------------------------------------------------------------------------------------+-----------------------------------------------------------------------------------------------------------------------------------+-----------------+
| Clock                                                                                                                                     | Domain                                                                                                                            | Constraint (ns) |
+-------------------------------------------------------------------------------------------------------------------------------------------+-----------------------------------------------------------------------------------------------------------------------------------+-----------------+
| BIT_CLK_P[0]                                                                                                                              | BIT_CLK_P[0]                                                                                                                      |            16.7 |
| CLKFBIN                                                                                                                                   | base_mb_i/wrc_board_quabo_Light_0/U0/cmp_xwrc_board_quabo/cmp_xwrc_platform/CLKFBIN                                               |             8.0 |
| TS_clk_125m_gtx_p_i_0                                                                                                                     | clk_125m_gtx_p_i_0                                                                                                                |             8.0 |
| base_mb_i/axi_ethernet_0/inst/pcs_pma/inst/pcs_pma_block_i/transceiver_inst/gtwizard_inst/inst/gtwizard_i/gt0_GTWIZARD_i/gtxe2_i/TXOUTCLK | base_mb_i/axi_ethernet_0/inst/pcs_pma/inst/pcs_pma_block_i/transceiver_inst/gtwizard_inst/inst/gtwizard_i/gt0_GTWIZARD_i/txoutclk |            16.0 |
| base_mb_i/clk_wiz_0/inst/clk_in1                                                                                                          | base_mb_i/IBUFDS_FOR_CLK_0/inst/O                                                                                                 |            16.0 |
| base_mb_i/mdm_1/U0/Use_E2.BSCAN_I/Use_E2.BSCANE2_I/DRCK                                                                                   | base_mb_i/mdm_1/U0/Use_E2.BSCAN_I/DRCK                                                                                            |            33.3 |
| base_mb_i/mdm_1/U0/Use_E2.BSCAN_I/Use_E2.BSCANE2_I/UPDATE                                                                                 | base_mb_i/mdm_1/U0/Use_E2.BSCAN_I/Dbg_Update_0                                                                                    |            33.3 |
| base_mb_i/wrc_board_quabo_Light_0/U0/cmp_xwrc_board_quabo/cmp_xwrc_platform/gen_phy_kintex7.cmp_gtx/U_GTX_INST/I                          | base_mb_i/wrc_board_quabo_Light_0/U0/cmp_xwrc_board_quabo/cmp_xwrc_platform/gen_phy_kintex7.cmp_gtx/U_GTX_INST/I                  |            16.0 |
| base_mb_i/wrc_board_quabo_Light_0/U0/cmp_xwrc_board_quabo/cmp_xwrc_platform/gen_phy_kintex7.cmp_gtx/U_GTX_INST/rx_rec_clk_bufin           | base_mb_i/wrc_board_quabo_Light_0/U0/cmp_xwrc_board_quabo/cmp_xwrc_platform/gen_phy_kintex7.cmp_gtx/U_GTX_INST/rx_rec_clk_bufin   |            16.0 |
| clk_100_base_mb_clk_wiz_1_0                                                                                                               | base_mb_i/clk_wiz_1/inst/clk_100_base_mb_clk_wiz_1_0                                                                              |            10.0 |
| clk_10_base_mb_clk_wiz_1_0                                                                                                                | base_mb_i/clk_wiz_1/inst/clk_10_base_mb_clk_wiz_1_0                                                                               |           100.0 |
| clk_200_base_mb_clk_wiz_1_0                                                                                                               | base_mb_i/clk_wiz_1/inst/clk_200_base_mb_clk_wiz_1_0                                                                              |             5.0 |
| clk_20m_vcxo_i_0                                                                                                                          | clk_20m_vcxo_i_0                                                                                                                  |            50.0 |
| clk_250_base_mb_clk_wiz_0_0                                                                                                               | base_mb_i/clk_wiz_0/inst/clk_250_base_mb_clk_wiz_0_0                                                                              |             4.0 |
| clk_62m5_base_mb_clk_wiz_0_0                                                                                                              | base_mb_i/clk_wiz_0/inst/clk_62m5_base_mb_clk_wiz_0_0                                                                             |            16.0 |
| clk_dmtd                                                                                                                                  | base_mb_i/wrc_board_quabo_Light_0/U0/cmp_xwrc_board_quabo/cmp_xwrc_platform/clk_dmtd                                              |            16.0 |
| clk_dmtd_fb                                                                                                                               | base_mb_i/wrc_board_quabo_Light_0/U0/cmp_xwrc_board_quabo/cmp_xwrc_platform/clk_dmtd_fb                                           |            50.0 |
| clk_out250_0_base_mb_clk_wiz_0_0                                                                                                          | base_mb_i/clk_wiz_0/inst/clk_out250_0_base_mb_clk_wiz_0_0                                                                         |             4.0 |
| clk_out250_1_base_mb_clk_wiz_0_0                                                                                                          | base_mb_i/clk_wiz_0/inst/clk_out250_1_base_mb_clk_wiz_0_0                                                                         |             4.0 |
| clk_out250_2_base_mb_clk_wiz_0_0                                                                                                          | base_mb_i/clk_wiz_0/inst/clk_out250_2_base_mb_clk_wiz_0_0                                                                         |             4.0 |
| clk_out250_3_base_mb_clk_wiz_0_0                                                                                                          | base_mb_i/clk_wiz_0/inst/clk_out250_3_base_mb_clk_wiz_0_0                                                                         |             4.0 |
| clk_sys                                                                                                                                   | base_mb_i/wrc_board_quabo_Light_0/U0/cmp_xwrc_board_quabo/cmp_xwrc_platform/clk_sys                                               |            16.0 |
| clkfbout                                                                                                                                  | base_mb_i/axi_ethernet_0/inst/pcs_pma/inst/core_clocking_i/clkfbout                                                               |            16.0 |
| clkfbout_base_mb_clk_wiz_0_0                                                                                                              | base_mb_i/clk_wiz_0/inst/clkfbout_base_mb_clk_wiz_0_0                                                                             |            16.0 |
| clkfbout_base_mb_clk_wiz_1_0                                                                                                              | base_mb_i/clk_wiz_1/inst/clkfbout_base_mb_clk_wiz_1_0                                                                             |            16.0 |
| clkout0                                                                                                                                   | base_mb_i/axi_ethernet_0/inst/pcs_pma/inst/core_clocking_i/clkout0                                                                |             8.0 |
| clkout1                                                                                                                                   | base_mb_i/axi_ethernet_0/inst/pcs_pma/inst/core_clocking_i/clkout1                                                                |            16.0 |
| dbg_hub/inst/BSCANID.u_xsdbm_id/SWITCH_N_EXT_BSCAN.bscan_inst/SERIES7_BSCAN.bscan_inst/TCK                                                | dbg_hub/inst/BSCANID.u_xsdbm_id/SWITCH_N_EXT_BSCAN.bscan_inst/tck_bs                                                              |            33.0 |
| mgt_clk_0_clk_p                                                                                                                           | mgt_clk_0_clk_p                                                                                                                   |             8.0 |
+-------------------------------------------------------------------------------------------------------------------------------------------+-----------------------------------------------------------------------------------------------------------------------------------+-----------------+


3. Detailed Reports
-------------------

3.1 By Hierarchy
----------------

+-------------------------------+-----------+
| Name                          | Power (W) |
+-------------------------------+-----------+
| base_mb_wrapper               |     1.836 |
|   base_mb_i                   |     1.797 |
|     ETH_CORE_CTRL_0           |     0.003 |
|       inst                    |     0.003 |
|     ETH_CORE_CTRL_1           |     0.002 |
|       inst                    |     0.002 |
|     FIFO_for_AXIS_0           |     0.006 |
|       inst                    |     0.006 |
|     IBUFDS_FOR_CLK_0          |     0.006 |
|       inst                    |     0.006 |
|     OBUFDS_FOR_CLK_0          |     0.016 |
|       inst                    |     0.016 |
|     axi_ethernet_0            |     0.417 |
|       inst                    |     0.417 |
|     axi_ethernet_0_fifo       |     0.013 |
|       U0                      |     0.013 |
|     axi_ethernet_1            |     0.311 |
|       inst                    |     0.311 |
|     axi_fifo_mm_s_IM          |     0.011 |
|       U0                      |     0.011 |
|     axi_fifo_mm_s_PH          |     0.010 |
|       U0                      |     0.010 |
|     axi_hwicap_0              |     0.008 |
|       U0                      |     0.008 |
|     axi_iic_0                 |     0.002 |
|       U0                      |     0.002 |
|     axi_interconnect_0        |     0.001 |
|       xbar                    |     0.001 |
|     axi_quad_spi_0            |     0.001 |
|       U0                      |     0.001 |
|     axi_quad_spi_1            |     0.004 |
|       U0                      |     0.004 |
|     axi_timer_0               |     0.002 |
|       U0                      |     0.002 |
|     axi_timer_1               |     0.004 |
|       U0                      |     0.004 |
|     clk_wiz_0                 |     0.113 |
|       inst                    |     0.113 |
|     clk_wiz_1                 |     0.107 |
|       inst                    |     0.107 |
|     elapsed_time_gen_0        |     0.012 |
|       inst                    |     0.012 |
|     flash_control_0           |     0.024 |
|       inst                    |     0.024 |
|     in_buf_ds_1bit_0          |     0.009 |
|       inst                    |     0.009 |
|     in_buf_ds_4bit_0          |     0.035 |
|       inst                    |     0.035 |
|     in_buf_ds_adcbitclk       |     0.009 |
|       inst                    |     0.009 |
|     maroc_dc_0                |     0.098 |
|       inst                    |     0.098 |
|     maroc_slow_control_0      |     0.003 |
|       inst                    |     0.003 |
|     microblaze_0              |     0.012 |
|       U0                      |     0.012 |
|     microblaze_0_axi_periph   |     0.002 |
|       xbar                    |     0.002 |
|     microblaze_0_local_memory |     0.010 |
|       lmb_bram                |     0.010 |
|     wrc_board_quabo_Light_0   |     0.538 |
|       U0                      |     0.538 |
|     xadc_wiz_0                |     0.003 |
|       inst                    |     0.003 |
|   dbg_hub                     |     0.003 |
|     inst                      |     0.003 |
|       BSCANID.u_xsdbm_id      |     0.003 |
|   u_ila_0                     |     0.017 |
|     inst                      |     0.017 |
|       ila_core_inst           |     0.017 |
+-------------------------------+-----------+


